<?xml version="1.0" encoding="UTF-8"?>
<!-- Generated by org.testng.reporters.JUnitReportReporter -->
<testsuite hostname="Mohits-MacBook-Air.local" failures="0" tests="1" name="tests.LoginTest" time="5.503" errors="0" timestamp="2025-04-08T18:02:57 IST" skipped="0">
  <testcase classname="tests.LoginTest" name="testValidLogin" time="5.503"/>
</testsuite> <!-- tests.LoginTest -->
